[debug] [2024-09-23T14:57:17.364Z] ----------------------------------------------------------------------
[debug] [2024-09-23T14:57:17.366Z] Command:       /Users/ernurtorekul/.nvm/versions/node/v18.20.0/bin/node /Users/ernurtorekul/.nvm/versions/node/v18.20.0/bin/firebase init
[debug] [2024-09-23T14:57:17.366Z] CLI Version:   13.18.0
[debug] [2024-09-23T14:57:17.367Z] Platform:      darwin
[debug] [2024-09-23T14:57:17.367Z] Node Version:  v18.20.0
[debug] [2024-09-23T14:57:17.372Z] Time:          Mon Sep 23 2024 19:57:17 GMT+0500 (West Kazakhstan Time)
[debug] [2024-09-23T14:57:17.373Z] ----------------------------------------------------------------------
[debug] 
[debug] [2024-09-23T14:57:17.377Z] > command requires scopes: ["email","openid","https://www.googleapis.com/auth/cloudplatformprojects.readonly","https://www.googleapis.com/auth/firebase","https://www.googleapis.com/auth/cloud-platform"]
[debug] [2024-09-23T14:57:17.378Z] > authorizing via signed-in user (ernurtorekul@gmail.com)
[info] 
     ######## #### ########  ######## ########     ###     ######  ########
     ##        ##  ##     ## ##       ##     ##  ##   ##  ##       ##
     ######    ##  ########  ######   ########  #########  ######  ######
     ##        ##  ##    ##  ##       ##     ## ##     ##       ## ##
     ##       #### ##     ## ######## ########  ##     ##  ######  ########

You're about to initialize a Firebase project in this directory:

  /Users/ernurtorekul/projects/firebase first project/intro

[info] 
=== Project Setup
[info] 
[info] First, let's associate this project directory with a Firebase project.
[info] You can create multiple project aliases by running firebase use --add, 
[info] but for now we'll just set up a default project.
[info] 
[debug] [2024-09-23T14:58:14.400Z] >>> [apiv2][query] GET https://firebase.googleapis.com/v1beta1/projects pageSize=100
[debug] [2024-09-23T14:58:15.359Z] <<< [apiv2][status] GET https://firebase.googleapis.com/v1beta1/projects 200
[debug] [2024-09-23T14:58:15.359Z] <<< [apiv2][body] GET https://firebase.googleapis.com/v1beta1/projects [omitted]
[info] i  Using project first-project-28915 (first project) 
[info] 
=== Hosting Setup
[debug] [2024-09-23T14:58:18.923Z] >>> [apiv2][query] GET https://firebase.googleapis.com/v1beta1/projects/first-project-28915 [none]
[debug] [2024-09-23T14:58:19.615Z] <<< [apiv2][status] GET https://firebase.googleapis.com/v1beta1/projects/first-project-28915 200
[debug] [2024-09-23T14:58:19.616Z] <<< [apiv2][body] GET https://firebase.googleapis.com/v1beta1/projects/first-project-28915 {"projectId":"first-project-28915","projectNumber":"415941096067","displayName":"first project","name":"projects/first-project-28915","resources":{"hostingSite":"first-project-28915","storageBucket":"first-project-28915.appspot.com","locationId":"us-central"},"state":"ACTIVE","etag":"1_5ad67cb8-f5c3-460e-b5dd-8f0a0f72c5b1"}
[info] 
[info] Your public directory is the folder (relative to your project directory) that
[info] will contain Hosting assets to be uploaded with firebase deploy. If you
[info] have a build process for your assets, use your build's output directory.
[info] 
[debug] [2024-09-23T14:59:18.399Z] >>> [apiv2][query] GET https://www.gstatic.com/firebasejs/releases.json [none]
[debug] [2024-09-23T14:59:18.830Z] <<< [apiv2][status] GET https://www.gstatic.com/firebasejs/releases.json 200
[debug] [2024-09-23T14:59:18.830Z] <<< [apiv2][body] GET https://www.gstatic.com/firebasejs/releases.json {"current":{"version":"10.13.2","browserURL":"https://www.gstatic.com/firebasejs/10.13.2/firebase.js","packageURL":"https://www.gstatic.com/firebasejs/10.13.2/firebase.tgz"},"live":{"version":"10.13","browserURL":"https://www.gstatic.com/firebasejs/live/10.13/firebase.js","packageURL":"https://www.gstatic.com/firebasejs/live/10.13/firebase.tgz"},"components":{"analytics":"https://www.gstatic.com/firebasejs/10.13.2/firebase-analytics.js","app":"https://www.gstatic.com/firebasejs/10.13.2/firebase-app.js","app-check":"https://www.gstatic.com/firebasejs/10.13.2/firebase-app-check.js","auth":"https://www.gstatic.com/firebasejs/10.13.2/firebase-auth.js","auth/cordova":"https://www.gstatic.com/firebasejs/10.13.2/firebase-auth/cordova.js","auth/web-extension":"https://www.gstatic.com/firebasejs/10.13.2/firebase-auth/web-extension.js","functions":"https://www.gstatic.com/firebasejs/10.13.2/firebase-functions.js","firestore":"https://www.gstatic.com/firebasejs/10.13.2/firebase-firestore.js","firestore/lite":"https://www.gstatic.com/firebasejs/10.13.2/firebase-firestore/lite.js","installations":"https://www.gstatic.com/firebasejs/10.13.2/firebase-installations.js","storage":"https://www.gstatic.com/firebasejs/10.13.2/firebase-storage.js","performance":"https://www.gstatic.com/firebasejs/10.13.2/firebase-performance.js","remote-config":"https://www.gstatic.com/firebasejs/10.13.2/firebase-remote-config.js","messaging":"https://www.gstatic.com/firebasejs/10.13.2/firebase-messaging.js","messaging/sw":"https://www.gstatic.com/firebasejs/10.13.2/firebase-messaging/sw.js","database":"https://www.gstatic.com/firebasejs/10.13.2/firebase-database.js","vertexai-preview":"https://www.gstatic.com/firebasejs/10.13.2/firebase-vertexai-preview.js","firestore.memory":"https://www.gstatic.com/firebasejs/10.13.2/firebase-firestore.memory.js"}}
[info] ✔  Wrote y/index.html 
[info] 
[info] i  Detected a .git folder at /Users/ernurtorekul 
[info] i  Authorizing with GitHub to upload your service account to a GitHub repository's secrets store. 
[info] 
[info] Visit this URL on this device to log in:
[info] https://github.com/login/oauth/authorize?client_id=89cf50f02ac6aaed3484&state=798634998&redirect_uri=http%3A%2F%2Flocalhost%3A9005&scope=read%3Auser%20repo%20public_repo
[info] 
[info] Waiting for authentication...
[debug] [2024-09-23T14:59:43.542Z] >>> [apiv2][query] POST https://github.com/login/oauth/access_token [none]
[debug] [2024-09-23T14:59:43.543Z] >>> [apiv2][body] POST https://github.com/login/oauth/access_token [stream]
[debug] [2024-09-23T14:59:44.499Z] <<< [apiv2][status] POST https://github.com/login/oauth/access_token 200
[debug] [2024-09-23T14:59:44.500Z] <<< [apiv2][body] POST https://github.com/login/oauth/access_token {"access_token":"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","token_type":"bearer","scope":"read:user,repo"}
[debug] [2024-09-23T14:59:44.508Z] >>> [apiv2][query] GET https://api.github.com/user [none]
[debug] [2024-09-23T14:59:45.549Z] <<< [apiv2][status] GET https://api.github.com/user 200
[debug] [2024-09-23T14:59:45.551Z] <<< [apiv2][body] GET https://api.github.com/user {"login":"ernurtorekul","id":113087894,"node_id":"U_kgDOBr2Vlg","avatar_url":"https://avatars.githubusercontent.com/u/113087894?v=4","gravatar_id":"","url":"https://api.github.com/users/ernurtorekul","html_url":"https://github.com/ernurtorekul","followers_url":"https://api.github.com/users/ernurtorekul/followers","following_url":"https://api.github.com/users/ernurtorekul/following{/other_user}","gists_url":"https://api.github.com/users/ernurtorekul/gists{/gist_id}","starred_url":"https://api.github.com/users/ernurtorekul/starred{/owner}{/repo}","subscriptions_url":"https://api.github.com/users/ernurtorekul/subscriptions","organizations_url":"https://api.github.com/users/ernurtorekul/orgs","repos_url":"https://api.github.com/users/ernurtorekul/repos","events_url":"https://api.github.com/users/ernurtorekul/events{/privacy}","received_events_url":"https://api.github.com/users/ernurtorekul/received_events","type":"User","site_admin":false,"name":"Ernur Torekul","company":null,"blog":"https://ernurtorekul-portfolio.vercel.app","location":"Kazakhstan","email":"ernurtorekul@gmail.com","hireable":null,"bio":"Software engineer","twitter_username":null,"notification_email":"ernurtorekul@gmail.com","public_repos":16,"public_gists":0,"followers":0,"following":0,"created_at":"2022-09-08T06:09:24Z","updated_at":"2024-09-03T17:29:36Z","private_gists":0,"total_private_repos":2,"owned_private_repos":2,"disk_usage":243355,"collaborators":1,"two_factor_authentication":false,"plan":{"name":"free","space":976562499,"collaborators":0,"private_repos":10000}}
[info] 
[info] ✔  Success! Logged into GitHub as ernurtorekul 
[info] 
